<?xml version="1.0" encoding="UTF-8" ?>
<testsuite errors="1" failures="0" hostname="delhbandl94637" name="AllTests" tests="1" time="0.0" timestamp="2012-11-05T08:37:47">
  <properties>
[...]
</properties>
  <error message="AllTests" type="java.lang.ClassNotFoundException">java.lang.ClassNotFoundException: AllTests
	at java.net.URLClassLoader$1.run(Unknown Source)
	at java.security.AccessController.doPrivileged(Native Method)
	at java.net.URLClassLoader.findClass(Unknown Source)
	at java.lang.ClassLoader.loadClass(Unknown Source)
	at sun.misc.Launcher$AppClassLoader.loadClass(Unknown Source)
	at java.lang.ClassLoader.loadClass(Unknown Source)
	at java.lang.Class.forName0(Native Method)
	at java.lang.Class.forName(Unknown Source)
</error>
  <system-out><![CDATA[]]></system-out>
  <system-err><![CDATA[]]></system-err>
</testsuite>
